<?xml version="1.0" encoding="UTF-8"?>
<!-- Generated by org.testng.reporters.JUnitXMLReporter -->
<testsuite hostname="PITTALA-DEV-L" failures="1" tests="2" name="Test1" time="107.66" errors="0" timestamp="3 Jun 2022 15:18:43 GMT">
  <testcase classname="testCases.Login_001" name="LoginTest" time="37.99">
    <failure type="java.lang.AssertionError" message="null">
      <![CDATA[java.lang.AssertionError: null
	at utilities.PerformAction.waitForWebElement(PerformAction.java:127)
	at pageObjects.LoginPage.Login(LoginPage.java:54)
	at testCases.Login_001.LoginTest(Login_001.java:17)
... Removed 30 stack frames]]>
    </failure>
  </testcase> <!-- LoginTest -->
  <testcase classname="testCases.AddCustormer_002" name="AddCustormer" time="33.746"/>
</testsuite> <!-- Test1 -->
