<?xml version="1.0" encoding="UTF-8"?>
<testsuite xmlns:xsi="http://www.w3.org/2001/XMLSchema-instance" xsi:noNamespaceSchemaLocation="https://maven.apache.org/surefire/maven-surefire-plugin/xsd/surefire-test-report-3.0.xsd" version="3.0" name="TestSuite" time="109.625" tests="2" errors="0" skipped="0" failures="1">
  <properties>
[...]
</properties>
  <testcase name="LoginTest" classname="testCases.Login_001" time="38.696">
    <failure message="null" type="java.lang.AssertionError"><![CDATA[java.lang.AssertionError: null
	at org.testng.Assert.fail(Assert.java:94)
	at org.testng.Assert.fail(Assert.java:101)
	at utilities.PerformAction.waitForWebElement(PerformAction.java:127)
	at pageObjects.LoginPage.Login(LoginPage.java:54)
	at testCases.Login_001.LoginTest(Login_001.java:17)
	at java.base/jdk.internal.reflect.NativeMethodAccessorImpl.invoke0(Native Method)
	at java.base/jdk.internal.reflect.NativeMethodAccessorImpl.invoke(NativeMethodAccessorImpl.java:62)
	at java.base/jdk.internal.reflect.DelegatingMethodAccessorImpl.invoke(DelegatingMethodAccessorImpl.java:43)
	at java.base/java.lang.reflect.Method.invoke(Method.java:566)
	at org.testng.internal.MethodInvocationHelper.invokeMethod(MethodInvocationHelper.java:85)
	at org.testng.internal.Invoker.invokeMethod(Invoker.java:639)
	at org.testng.internal.Invoker.invokeTestMethod(Invoker.java:816)
	at org.testng.internal.Invoker.invokeTestMethods(Invoker.java:1124)
	at org.testng.internal.TestMethodWorker.invokeTestMethods(TestMethodWorker.java:125)
	at org.testng.internal.TestMethodWorker.run(TestMethodWorker.java:108)
	at org.testng.TestRunner.privateRun(TestRunner.java:774)
	at org.testng.TestRunner.run(TestRunner.java:624)
	at org.testng.SuiteRunner.runTest(SuiteRunner.java:359)
	at org.testng.SuiteRunner.runSequentially(SuiteRunner.java:354)
	at org.testng.SuiteRunner.privateRun(SuiteRunner.java:312)
	at org.testng.SuiteRunner.run(SuiteRunner.java:261)
	at org.testng.SuiteRunnerWorker.runSuite(SuiteRunnerWorker.java:52)
	at org.testng.SuiteRunnerWorker.run(SuiteRunnerWorker.java:86)
	at org.testng.TestNG.runSuitesSequentially(TestNG.java:1191)
	at org.testng.TestNG.runSuitesLocally(TestNG.java:1116)
	at org.testng.TestNG.run(TestNG.java:1024)
	at org.apache.maven.surefire.testng.TestNGExecutor.run(TestNGExecutor.java:324)
	at org.apache.maven.surefire.testng.TestNGXmlTestSuite.execute(TestNGXmlTestSuite.java:74)
	at org.apache.maven.surefire.testng.TestNGProvider.invoke(TestNGProvider.java:123)
	at org.apache.maven.surefire.booter.ForkedBooter.runSuitesInProcess(ForkedBooter.java:456)
	at org.apache.maven.surefire.booter.ForkedBooter.execute(ForkedBooter.java:169)
	at org.apache.maven.surefire.booter.ForkedBooter.run(ForkedBooter.java:595)
	at org.apache.maven.surefire.booter.ForkedBooter.main(ForkedBooter.java:581)
]]></failure>
    <system-out><![CDATA[cleared  webelement [[ChromeDriver: chrome on WINDOWS (0e9fe88bc604ca6b19ffc6b1c67380a9)] -> id: Email]
Enter admin@yourstore.com in webelement [[ChromeDriver: chrome on WINDOWS (0e9fe88bc604ca6b19ffc6b1c67380a9)] -> id: Email]
cleared  webelement [[ChromeDriver: chrome on WINDOWS (0e9fe88bc604ca6b19ffc6b1c67380a9)] -> id: Password]
Enter admin in webelement [[ChromeDriver: chrome on WINDOWS (0e9fe88bc604ca6b19ffc6b1c67380a9)] -> id: Password]
Clicked on webelement Proxy element for: DefaultElementLocator 'By.xpath: //button[.='Log in']'
Failed to Wait for webelement [[ChromeDriver: chrome on WINDOWS (0e9fe88bc604ca6b19ffc6b1c67380a9)] -> xpath: //p[.=' Dashboard']]
]]></system-out>
    <system-err><![CDATA[Starting ChromeDriver 102.0.5005.61 (0e59bcc00cc4985ce39ad31c150065f159d95ad3-refs/branch-heads/5005@{#819}) on port 30935
Only local connections are allowed.
Please see https://chromedriver.chromium.org/security-considerations for suggestions on keeping ChromeDriver safe.
ChromeDriver was started successfully.
Jun 03, 2022 8:46:57 PM org.openqa.selenium.remote.ProtocolHandshake createSession
INFO: Detected dialect: W3C
]]></system-err>
  </testcase>
  <testcase name="AddCustormer" classname="testCases.AddCustormer_002" time="33.746">
    <system-out><![CDATA[action click on webelement Proxy element for: DefaultElementLocator 'By.linkText: Logout'
cleared  webelement [[ChromeDriver: chrome on WINDOWS (4b5a7dd8b5c36f32072b26a371d2c685)] -> id: Email]
Enter admin@yourstore.com in webelement [[ChromeDriver: chrome on WINDOWS (4b5a7dd8b5c36f32072b26a371d2c685)] -> id: Email]
cleared  webelement [[ChromeDriver: chrome on WINDOWS (4b5a7dd8b5c36f32072b26a371d2c685)] -> id: Password]
Enter admin in webelement [[ChromeDriver: chrome on WINDOWS (4b5a7dd8b5c36f32072b26a371d2c685)] -> id: Password]
Clicked on webelement Proxy element for: DefaultElementLocator 'By.xpath: //button[.='Log in']'
Waited for webelement [[ChromeDriver: chrome on WINDOWS (4b5a7dd8b5c36f32072b26a371d2c685)] -> xpath: //p[.=' Dashboard']]
Clicked on webelement [[ChromeDriver: chrome on WINDOWS (4b5a7dd8b5c36f32072b26a371d2c685)] -> xpath: //p[text()=' Dashboard']/../../../li[4]/a]
Clicked on webelement [[ChromeDriver: chrome on WINDOWS (4b5a7dd8b5c36f32072b26a371d2c685)] -> xpath: //p[.=' Customers']]
Clicked on webelement [[ChromeDriver: chrome on WINDOWS (4b5a7dd8b5c36f32072b26a371d2c685)] -> xpath: //*[contains(@href,'Create')]]
Enter srikanth.p4991@gmail.com in webelement [[ChromeDriver: chrome on WINDOWS (4b5a7dd8b5c36f32072b26a371d2c685)] -> id: Email]
Enter password123 in webelement [[ChromeDriver: chrome on WINDOWS (4b5a7dd8b5c36f32072b26a371d2c685)] -> id: Password]
Enter Srikanth in webelement [[ChromeDriver: chrome on WINDOWS (4b5a7dd8b5c36f32072b26a371d2c685)] -> id: FirstName]
Enter pittala in webelement [[ChromeDriver: chrome on WINDOWS (4b5a7dd8b5c36f32072b26a371d2c685)] -> id: LastName]
Clicked on webelement [[ChromeDriver: chrome on WINDOWS (4b5a7dd8b5c36f32072b26a371d2c685)] -> id: Gender_Male]
Enter 2/19/1991 in webelement [[ChromeDriver: chrome on WINDOWS (4b5a7dd8b5c36f32072b26a371d2c685)] -> id: DateOfBirth]
Enter siddhi in webelement [[ChromeDriver: chrome on WINDOWS (4b5a7dd8b5c36f32072b26a371d2c685)] -> id: Company]
Enter comment_customer in webelement [[ChromeDriver: chrome on WINDOWS (4b5a7dd8b5c36f32072b26a371d2c685)] -> id: AdminComment]
Clicked on webelement [[ChromeDriver: chrome on WINDOWS (4b5a7dd8b5c36f32072b26a371d2c685)] -> name: save]
]]></system-out>
    <system-err><![CDATA[Starting ChromeDriver 102.0.5005.61 (0e59bcc00cc4985ce39ad31c150065f159d95ad3-refs/branch-heads/5005@{#819}) on port 19495
Only local connections are allowed.
Please see https://chromedriver.chromium.org/security-considerations for suggestions on keeping ChromeDriver safe.
ChromeDriver was started successfully.
Jun 03, 2022 8:47:53 PM org.openqa.selenium.remote.ProtocolHandshake createSession
INFO: Detected dialect: W3C
]]></system-err>
  </testcase>
</testsuite>